Arguments: 
  /Users/stevecox/.nvm/versions/node/v13.13.0/bin/node /Users/stevecox/.nvm/versions/node/v13.13.0/bin/yarn

PATH: 
  /Users/stevecox/.fastlane/bin:/Users/stevecox/.nvm/versions/node/v13.13.0/bin:/usr/local/bin:/usr/bin:/bin:/usr/sbin:/sbin:/Library/Apple/usr/bin:/Users/stevecox/google-cloud-sdk/bin:/Users/stevecox/.fastlane/bin:/Users/stevecox/.nvm/versions/node/v13.13.0/bin

Yarn version: 
  1.22.4

Node version: 
  13.13.0

Platform: 
  darwin x64

Trace: 
  SyntaxError: /Users/stevecox/Projects/Impulsum/Composer/monorepo/packages/components/package.json: Unexpected token } in JSON at position 1207
      at JSON.parse (<anonymous>)
      at /Users/stevecox/.nvm/versions/node/v13.13.0/lib/node_modules/yarn/lib/cli.js:1625:59
      at Generator.next (<anonymous>)
      at step (/Users/stevecox/.nvm/versions/node/v13.13.0/lib/node_modules/yarn/lib/cli.js:310:30)
      at /Users/stevecox/.nvm/versions/node/v13.13.0/lib/node_modules/yarn/lib/cli.js:321:13

npm manifest: 
  {
    "name": "composer",
    "version": "0.1.0",
    "main": "index.js",
    "author": "Steve Cox <stevejcox@me.com>",
    "license": "MIT",
    "scripts": {
      "bootstrap": "lerna bootstrap",
      "prepublish": "lerna run libbuild --stream",
      "publish": "lerna publish from-package",
      "build": "lerna run libbuild --stream",
      "test": "lerna run test --stream",
      "test:watch": "lerna run --parallel test:watch --stream",
      "lint": "eslint . --ext .tsx,.ts,.js",
      "lint-and-fix": "eslint . --ext .tsx,.ts,.js --fix"
    },
    "private": true,
    "workspaces": [
      "packages/*"
    ],
    "dependencies": {
      "lerna": "^3.20.2",
      "react": "^16.13.1"
    },
    "devDependencies": {
      "@babel/cli": "^7.8.4",
      "@babel/core": "^7.9.0",
      "@babel/plugin-proposal-object-rest-spread": "^7.10.1",
      "@babel/preset-env": "^7.9.5",
      "@babel/preset-react": "^7.9.4",
      "@babel/preset-typescript": "^7.9.0",
      "@testing-library/jest-dom": "^5.8.0",
      "@testing-library/react": "^10.0.4",
      "@types/connect-redis": "^0.0.13",
      "@types/express": "^4.17.6",
      "@types/express-session": "^1.17.0",
      "@types/jest": "^25.1.4",
      "@types/react": "^16.9.34",
      "@types/redis": "^2.8.18",
      "@typescript-eslint/eslint-plugin": "^2.29.0",
      "@typescript-eslint/parser": "^2.29.0",
      "babel-jest": "^26.0.1",
      "babel-loader": "^8.1.0",
      "babel-plugin-graphql-tag": "^2.5.0",
      "babel-plugin-import-graphql": "^2.7.0",
      "babel-plugin-module-resolver": "^4.0.0",
      "babel-preset-react-app": "^9.1.2",
      "eslint": "^6.8.0",
      "eslint-config-prettier": "^6.11.0",
      "eslint-plugin-import": "^2.20.2",
      "eslint-plugin-prettier": "^3.1.3",
      "eslint-plugin-react": "^7.19.0",
      "eslint-plugin-react-hooks": "^3.0.0",
      "jest": "^26.0.1",
      "jest-environment-jsdom-sixteen": "^1.0.3",
      "nodemon": "^2.0.2",
      "prettier": "^2.0.5",
      "react-docgen-typescript-loader": "^3.7.2",
      "react-test-renderer": "^16.13.1",
      "typescript": "^3.8.3"
    }
  }

yarn manifest: 
  No manifest

Lockfile: 
  No lockfile
